2024-05-14T14:26:29.701+05:30  INFO 15180 --- [Book] [main] com.example.Book.BookApplication         : Starting BookApplication using Java 17.0.11 with PID 15180 (C:\Users\prasad Bharath\Downloads\Book\target\classes started by prasad Bharath in C:\Users\prasad Bharath\Downloads\Book)
2024-05-14T14:26:29.706+05:30  INFO 15180 --- [Book] [main] com.example.Book.BookApplication         : No active profile set, falling back to 1 default profile: "default"
2024-05-14T14:26:31.588+05:30  INFO 15180 --- [Book] [main] .s.d.r.c.RepositoryConfigurationDelegate : Bootstrapping Spring Data JPA repositories in DEFAULT mode.
2024-05-14T14:26:31.711+05:30  INFO 15180 --- [Book] [main] .s.d.r.c.RepositoryConfigurationDelegate : Finished Spring Data repository scanning in 100 ms. Found 1 JPA repository interface.
2024-05-14T14:26:32.957+05:30  INFO 15180 --- [Book] [main] o.s.b.w.embedded.tomcat.TomcatWebServer  : Tomcat initialized with port 8080 (http)
2024-05-14T14:26:32.985+05:30  INFO 15180 --- [Book] [main] o.apache.catalina.core.StandardService   : Starting service [Tomcat]
2024-05-14T14:26:32.986+05:30  INFO 15180 --- [Book] [main] o.apache.catalina.core.StandardEngine    : Starting Servlet engine: [Apache Tomcat/10.1.20]
2024-05-14T14:26:33.147+05:30  INFO 15180 --- [Book] [main] o.a.c.c.C.[Tomcat].[localhost].[/]       : Initializing Spring embedded WebApplicationContext
2024-05-14T14:26:33.148+05:30  INFO 15180 --- [Book] [main] w.s.c.ServletWebServerApplicationContext : Root WebApplicationContext: initialization completed in 3311 ms
2024-05-14T14:26:33.445+05:30  INFO 15180 --- [Book] [main] com.zaxxer.hikari.HikariDataSource       : HikariPool-1 - Starting...
2024-05-14T14:26:33.860+05:30  INFO 15180 --- [Book] [main] com.zaxxer.hikari.pool.HikariPool        : HikariPool-1 - Added connection conn0: url=jdbc:h2:mem:e2e50858-804e-45ca-8474-2cb79ba12e78 user=SA
2024-05-14T14:26:33.864+05:30  INFO 15180 --- [Book] [main] com.zaxxer.hikari.HikariDataSource       : HikariPool-1 - Start completed.
2024-05-14T14:26:33.957+05:30  INFO 15180 --- [Book] [main] o.hibernate.jpa.internal.util.LogHelper  : HHH000204: Processing PersistenceUnitInfo [name: default]
2024-05-14T14:26:34.123+05:30  INFO 15180 --- [Book] [main] org.hibernate.Version                    : HHH000412: Hibernate ORM core version 6.5.0.Final
2024-05-14T14:26:34.219+05:30  INFO 15180 --- [Book] [main] o.h.c.internal.RegionFactoryInitiator    : HHH000026: Second-level cache disabled
2024-05-14T14:26:34.764+05:30  INFO 15180 --- [Book] [main] o.s.o.j.p.SpringPersistenceUnitInfo      : No LoadTimeWeaver setup: ignoring JPA class transformer
2024-05-14T14:26:36.653+05:30  INFO 15180 --- [Book] [main] o.h.e.t.j.p.i.JtaPlatformInitiator       : HHH000489: No JTA platform available (set 'hibernate.transaction.jta.platform' to enable JTA platform integration)
2024-05-14T14:26:36.727+05:30  INFO 15180 --- [Book] [main] j.LocalContainerEntityManagerFactoryBean : Initialized JPA EntityManagerFactory for persistence unit 'default'
2024-05-14T14:26:37.203+05:30  WARN 15180 --- [Book] [main] JpaBaseConfiguration$JpaWebConfiguration : spring.jpa.open-in-view is enabled by default. Therefore, database queries may be performed during view rendering. Explicitly configure spring.jpa.open-in-view to disable this warning
2024-05-14T14:26:37.865+05:30  INFO 15180 --- [Book] [main] o.s.b.w.embedded.tomcat.TomcatWebServer  : Tomcat started on port 8080 (http) with context path ''
2024-05-14T14:26:37.893+05:30  INFO 15180 --- [Book] [main] com.example.Book.BookApplication         : Started BookApplication in 9.335 seconds (process running for 10.551)
2024-05-14T14:26:50.083+05:30  INFO 15180 --- [Book] [http-nio-8080-exec-1] o.a.c.c.C.[Tomcat].[localhost].[/]       : Initializing Spring DispatcherServlet 'dispatcherServlet'
2024-05-14T14:26:50.091+05:30  INFO 15180 --- [Book] [http-nio-8080-exec-1] o.s.web.servlet.DispatcherServlet        : Initializing Servlet 'dispatcherServlet'
2024-05-14T14:26:50.095+05:30  INFO 15180 --- [Book] [http-nio-8080-exec-1] o.s.web.servlet.DispatcherServlet        : Completed initialization in 4 ms
2024-05-14T14:26:50.171+05:30  INFO 15180 --- [Book] [http-nio-8080-exec-1] c.e.Book.Controller.LoggingController    : An INFO Message
2024-05-14T14:26:50.171+05:30  WARN 15180 --- [Book] [http-nio-8080-exec-1] c.e.Book.Controller.LoggingController    : A WARN Message
2024-05-14T14:26:50.171+05:30 ERROR 15180 --- [Book] [http-nio-8080-exec-1] c.e.Book.Controller.LoggingController    : An ERROR Message
2024-05-14T14:33:24.173+05:30  INFO 15180 --- [Book] [SpringApplicationShutdownHook] j.LocalContainerEntityManagerFactoryBean : Closing JPA EntityManagerFactory for persistence unit 'default'
2024-05-14T14:33:24.289+05:30  INFO 15180 --- [Book] [SpringApplicationShutdownHook] com.zaxxer.hikari.HikariDataSource       : HikariPool-1 - Shutdown initiated...
2024-05-14T14:33:24.300+05:30  INFO 15180 --- [Book] [SpringApplicationShutdownHook] com.zaxxer.hikari.HikariDataSource       : HikariPool-1 - Shutdown completed.
2024-05-14T14:33:34.371+05:30  INFO 18460 --- [Book] [main] com.example.Book.BookApplication         : Starting BookApplication using Java 17.0.11 with PID 18460 (C:\Users\prasad Bharath\Downloads\Book\target\classes started by prasad Bharath in C:\Users\prasad Bharath\Downloads\Book)
2024-05-14T14:33:34.380+05:30  INFO 18460 --- [Book] [main] com.example.Book.BookApplication         : No active profile set, falling back to 1 default profile: "default"
2024-05-14T14:33:36.726+05:30  INFO 18460 --- [Book] [main] .s.d.r.c.RepositoryConfigurationDelegate : Bootstrapping Spring Data JPA repositories in DEFAULT mode.
2024-05-14T14:33:36.866+05:30  INFO 18460 --- [Book] [main] .s.d.r.c.RepositoryConfigurationDelegate : Finished Spring Data repository scanning in 111 ms. Found 1 JPA repository interface.
2024-05-14T14:33:38.402+05:30  INFO 18460 --- [Book] [main] o.s.b.w.embedded.tomcat.TomcatWebServer  : Tomcat initialized with port 8080 (http)
2024-05-14T14:33:38.432+05:30  INFO 18460 --- [Book] [main] o.apache.catalina.core.StandardService   : Starting service [Tomcat]
2024-05-14T14:33:38.433+05:30  INFO 18460 --- [Book] [main] o.apache.catalina.core.StandardEngine    : Starting Servlet engine: [Apache Tomcat/10.1.20]
2024-05-14T14:33:38.629+05:30  INFO 18460 --- [Book] [main] o.a.c.c.C.[Tomcat].[localhost].[/]       : Initializing Spring embedded WebApplicationContext
2024-05-14T14:33:38.630+05:30  INFO 18460 --- [Book] [main] w.s.c.ServletWebServerApplicationContext : Root WebApplicationContext: initialization completed in 4057 ms
2024-05-14T14:33:39.019+05:30  INFO 18460 --- [Book] [main] com.zaxxer.hikari.HikariDataSource       : HikariPool-1 - Starting...
2024-05-14T14:33:39.632+05:30  INFO 18460 --- [Book] [main] com.zaxxer.hikari.pool.HikariPool        : HikariPool-1 - Added connection conn0: url=jdbc:h2:mem:f0651e3b-9d0d-4648-ac98-901becd0137c user=SA
2024-05-14T14:33:39.636+05:30  INFO 18460 --- [Book] [main] com.zaxxer.hikari.HikariDataSource       : HikariPool-1 - Start completed.
2024-05-14T14:33:39.749+05:30  INFO 18460 --- [Book] [main] o.hibernate.jpa.internal.util.LogHelper  : HHH000204: Processing PersistenceUnitInfo [name: default]
2024-05-14T14:33:39.934+05:30  INFO 18460 --- [Book] [main] org.hibernate.Version                    : HHH000412: Hibernate ORM core version 6.5.0.Final
2024-05-14T14:33:40.038+05:30  INFO 18460 --- [Book] [main] o.h.c.internal.RegionFactoryInitiator    : HHH000026: Second-level cache disabled
2024-05-14T14:33:40.671+05:30  INFO 18460 --- [Book] [main] o.s.o.j.p.SpringPersistenceUnitInfo      : No LoadTimeWeaver setup: ignoring JPA class transformer
2024-05-14T14:33:42.887+05:30  INFO 18460 --- [Book] [main] o.h.e.t.j.p.i.JtaPlatformInitiator       : HHH000489: No JTA platform available (set 'hibernate.transaction.jta.platform' to enable JTA platform integration)
2024-05-14T14:33:42.964+05:30  INFO 18460 --- [Book] [main] j.LocalContainerEntityManagerFactoryBean : Initialized JPA EntityManagerFactory for persistence unit 'default'
2024-05-14T14:33:43.456+05:30  WARN 18460 --- [Book] [main] JpaBaseConfiguration$JpaWebConfiguration : spring.jpa.open-in-view is enabled by default. Therefore, database queries may be performed during view rendering. Explicitly configure spring.jpa.open-in-view to disable this warning
2024-05-14T14:33:44.199+05:30  INFO 18460 --- [Book] [main] o.s.b.w.embedded.tomcat.TomcatWebServer  : Tomcat started on port 8080 (http) with context path ''
2024-05-14T14:33:44.233+05:30  INFO 18460 --- [Book] [main] com.example.Book.BookApplication         : Started BookApplication in 11.436 seconds (process running for 12.667)
2024-05-14T14:33:51.742+05:30  INFO 18460 --- [Book] [http-nio-8080-exec-1] o.a.c.c.C.[Tomcat].[localhost].[/]       : Initializing Spring DispatcherServlet 'dispatcherServlet'
2024-05-14T14:33:51.744+05:30  INFO 18460 --- [Book] [http-nio-8080-exec-1] o.s.web.servlet.DispatcherServlet        : Initializing Servlet 'dispatcherServlet'
2024-05-14T14:33:51.748+05:30  INFO 18460 --- [Book] [http-nio-8080-exec-1] o.s.web.servlet.DispatcherServlet        : Completed initialization in 4 ms
2024-05-14T14:33:51.825+05:30  INFO 18460 --- [Book] [http-nio-8080-exec-1] c.e.Book.Controller.LoggingController    : An INFO Message
2024-05-14T14:33:51.825+05:30  WARN 18460 --- [Book] [http-nio-8080-exec-1] c.e.Book.Controller.LoggingController    : A WARN Message
2024-05-14T14:33:51.826+05:30 ERROR 18460 --- [Book] [http-nio-8080-exec-1] c.e.Book.Controller.LoggingController    : An ERROR Message
2024-05-14T14:37:25.536+05:30  INFO 18460 --- [Book] [SpringApplicationShutdownHook] j.LocalContainerEntityManagerFactoryBean : Closing JPA EntityManagerFactory for persistence unit 'default'
2024-05-14T14:37:25.553+05:30  INFO 18460 --- [Book] [SpringApplicationShutdownHook] com.zaxxer.hikari.HikariDataSource       : HikariPool-1 - Shutdown initiated...
2024-05-14T14:37:25.559+05:30  INFO 18460 --- [Book] [SpringApplicationShutdownHook] com.zaxxer.hikari.HikariDataSource       : HikariPool-1 - Shutdown completed.
